Using pre-set license
Built from '2020.3/staging' branch; Version is '2020.3.5f1 (8095aa901b9b) revision 8426922'; Using compiler version '192528614'; Build Type 'Release'
OS: 'Windows 10 Home; OS build 19041.928; Version 2004; 64bit' Language: 'en' Physical Memory: 32692 MB
BatchMode: 1, IsHumanControllingUs: 0, StartBugReporterOnCrash: 0, Is64bit: 1, IsPro: 0

 COMMAND LINE ARGUMENTS:
C:\Program Files\Unity\Hub\Editor\2020.3.5f1\Editor\Unity.exe
-adb2
-batchMode
-noUpm
-name
AssetImportWorker0
-projectPath
C:/Users/Tommay/Desktop/Unity/Series
-logFile
Logs/AssetImportWorker0.log
-srvPort
56494
Successfully changed project path to: C:/Users/Tommay/Desktop/Unity/Series
C:/Users/Tommay/Desktop/Unity/Series
Using Asset Import Pipeline V2.
Refreshing native plugins compatible for Editor in 43.64 ms, found 0 plugins.
Preloading 0 native plugins for Editor in 0.00 ms.
Initialize engine version: 2020.3.5f1 (8095aa901b9b)
[Subsystems] Discovering subsystems at path C:/Program Files/Unity/Hub/Editor/2020.3.5f1/Editor/Data/Resources/UnitySubsystems
[Subsystems] Discovering subsystems at path C:/Users/Tommay/Desktop/Unity/Series/Assets
GfxDevice: creating device client; threaded=0
Direct3D:
    Version:  Direct3D 11.0 [level 11.1]
    Renderer: NVIDIA GeForce GTX 1070 (ID=0x1b81)
    Vendor:   
    VRAM:     8088 MB
    Driver:   27.21.14.6109
Initialize mono
Mono path[0] = 'C:/Program Files/Unity/Hub/Editor/2020.3.5f1/Editor/Data/Managed'
Mono path[1] = 'C:/Program Files/Unity/Hub/Editor/2020.3.5f1/Editor/Data/MonoBleedingEdge/lib/mono/unityjit'
Mono config path = 'C:/Program Files/Unity/Hub/Editor/2020.3.5f1/Editor/Data/MonoBleedingEdge/etc'
Using monoOptions --debugger-agent=transport=dt_socket,embedding=1,server=y,suspend=n,address=127.0.0.1:56500
Begin MonoManager ReloadAssembly
Registering precompiled unity dll's ...
Register platform support module: C:/Program Files/Unity/Hub/Editor/2020.3.5f1/Editor/Data/PlaybackEngines/WebGLSupport/UnityEditor.WebGL.Extensions.dll
Register platform support module: C:/Program Files/Unity/Hub/Editor/2020.3.5f1/Editor/Data/PlaybackEngines/WindowsStandaloneSupport/UnityEditor.WindowsStandalone.Extensions.dll
Registered in 0.003615 seconds.
Native extension for WindowsStandalone target not found
Native extension for WebGL target not found
Refreshing native plugins compatible for Editor in 42.89 ms, found 0 plugins.
Preloading 0 native plugins for Editor in 0.00 ms.
Mono: successfully reloaded assembly
- Completed reload, in  1.680 seconds
Platform modules already initialized, skipping
Registering precompiled user dll's ...
Registered in 0.001431 seconds.
Begin MonoManager ReloadAssembly
Native extension for WindowsStandalone target not found
Native extension for WebGL target not found
Refreshing native plugins compatible for Editor in 0.30 ms, found 0 plugins.
Preloading 0 native plugins for Editor in 0.00 ms.
Mono: successfully reloaded assembly
- Completed reload, in  1.287 seconds
Platform modules already initialized, skipping
========================================================================
Worker process is ready to serve import requests
Launched and connected shader compiler UnityShaderCompiler.exe after 0.07 seconds
Refreshing native plugins compatible for Editor in 0.42 ms, found 0 plugins.
Preloading 0 native plugins for Editor in 0.00 ms.
Unloading 1667 Unused Serialized files (Serialized files now loaded: 0)
System memory in use before: 80.4 MB.
System memory in use after: 80.4 MB.

Unloading 103 unused Assets to reduce memory usage. Loaded Objects now: 2105.
Total: 2.708900 ms (FindLiveObjects: 0.191000 ms CreateObjectMapping: 0.125800 ms MarkObjects: 2.160800 ms  DeleteObjects: 0.230400 ms)

========================================================================
Received Import Request.
  path: Assets/Materials/LevelMats/Lever.mat
  artifactKey: Guid(92fe5a2f5e3806e4aaad4cb9f2c76d7f) Importer(815301076,1909f56bfc062723c751e8b465ee728b)
Start importing Assets/Materials/LevelMats/Lever.mat using Guid(92fe5a2f5e3806e4aaad4cb9f2c76d7f) Importer(815301076,1909f56bfc062723c751e8b465ee728b)  -> (artifact id: '0b9301b13d7102f25ad43408fe6bb2d3') in 0.131119 seconds
  Import took 0.135311 seconds .

========================================================================
Received Import Request.
  Time since last request: 0.000250 seconds.
  path: Assets/Materials/LevelMats/Ground.mat
  artifactKey: Guid(c94a3bd7332a1934ca24c4740d22e72f) Importer(815301076,1909f56bfc062723c751e8b465ee728b)
Start importing Assets/Materials/LevelMats/Ground.mat using Guid(c94a3bd7332a1934ca24c4740d22e72f) Importer(815301076,1909f56bfc062723c751e8b465ee728b)  -> (artifact id: 'eca2e37682308e54c5070bdb065d75bb') in 0.019753 seconds
  Import took 0.024054 seconds .

========================================================================
Received Import Request.
  Time since last request: 0.002759 seconds.
  path: Assets/Materials/LevelMats/Ground.mat
  artifactKey: Guid(c94a3bd7332a1934ca24c4740d22e72f) Importer(815301076,1909f56bfc062723c751e8b465ee728b)
Start importing Assets/Materials/LevelMats/Ground.mat using Guid(c94a3bd7332a1934ca24c4740d22e72f) Importer(815301076,1909f56bfc062723c751e8b465ee728b)  -> (artifact id: 'eca2e37682308e54c5070bdb065d75bb') in 0.009311 seconds
  Import took 0.013160 seconds .

========================================================================
Received Import Request.
  Time since last request: 173.935150 seconds.
  path: Assets/Scenes/Levels/LevelTwo.unity
  artifactKey: Guid(8db2270b0b5e13943981011cb7cf7171) Importer(815301076,1909f56bfc062723c751e8b465ee728b)
Start importing Assets/Scenes/Levels/LevelTwo.unity using Guid(8db2270b0b5e13943981011cb7cf7171) Importer(815301076,1909f56bfc062723c751e8b465ee728b)  -> (artifact id: '84d17667687a1d2bc1ed33ad55616284') in 0.007668 seconds
  Import took 0.021462 seconds .

========================================================================
Received Import Request.
  Time since last request: 63.745596 seconds.
  path: Assets/Scenes/Levels/LevelOne.unity
  artifactKey: Guid(09d3e8e545bdaf2428b0fd7385e706c4) Importer(815301076,1909f56bfc062723c751e8b465ee728b)
Start importing Assets/Scenes/Levels/LevelOne.unity using Guid(09d3e8e545bdaf2428b0fd7385e706c4) Importer(815301076,1909f56bfc062723c751e8b465ee728b)  -> (artifact id: 'd6f0d67d948cea13ec1e9ac8c401ef2e') in 0.008340 seconds
  Import took 0.011276 seconds .

AssetImportWorkerClient::OnTransportError - code=2 error=End of file
